ISim log file
Running: J:\MIE\Computer Organization and Design\Project\arm_clear_cache\arm_clear_cache\Instruction_memory_isim_beh.exe -gui -tclbatch isim.cmd -wdb J:/MIE/Computer Organization and Design/Project/arm_clear_cache/arm_clear_cache/Instruction_memory_isim_beh.wdb 
INFO: There is another simulation running in the same directory. Using database file name isim1.wdb.
ISim M.70d (signature 0x16fbe694)
This is a Full version of ISim.
Time resolution is 1 ps
# onerror resume
# wave add /
# run 1000 ns
Simulator is doing circuit initialization process.
Finished circuit initialization process.
# restart
# run 1.00us
Simulator is doing circuit initialization process.
Finished circuit initialization process.
# run 1.00us
# run 1.00us
# run 1.00us
# run 1.00us
# run 1.00us
# run 1.00us
# run 1.00us
# run 1.00us
# run 1.00us
# run 1.00us
# run 1.00us
# run 1.00us
# run 1.00us
